#! /usr/bin/vvp
:ivl_version "11.0 (stable)";
:ivl_delay_selection "TYPICAL";
:vpi_time_precision - 12;
:vpi_module "/usr/lib/x86_64-linux-gnu/ivl/system.vpi";
:vpi_module "/usr/lib/x86_64-linux-gnu/ivl/vhdl_sys.vpi";
:vpi_module "/usr/lib/x86_64-linux-gnu/ivl/vhdl_textio.vpi";
:vpi_module "/usr/lib/x86_64-linux-gnu/ivl/v2005_math.vpi";
:vpi_module "/usr/lib/x86_64-linux-gnu/ivl/va_math.vpi";
S_0x564198fb47b0 .scope module, "image_blur_TB" "image_blur_TB" 2 3;
 .timescale -9 -12;
P_0x564198feddf0 .param/l "HEIGHT" 0 2 6, +C4<00000000000000000000010000111000>;
P_0x564198fede30 .param/l "WIDTH" 0 2 5, +C4<00000000000000000000001100010100>;
v0x564199010820_0 .var "clk", 0 0;
v0x5641990108e0_0 .net "done", 0 0, v0x56419900fe60_0;  1 drivers
v0x5641990109b0_0 .var/i "i", 31 0;
v0x564199010a80_0 .var "image_in", 7 0;
v0x564199010b50 .array "image_memory", 2553119 0, 7 0;
v0x564199010bf0_0 .net "image_out", 7 0, v0x564199010000_0;  1 drivers
v0x564199010cb0_0 .var "kernel_type", 1 0;
v0x564199010d80_0 .var/i "out_file", 31 0;
v0x564199010e40_0 .var "reset", 0 0;
v0x564199010f10_0 .var "start", 0 0;
E_0x564198fc76d0 .event posedge, v0x564198fee240_0;
E_0x564198fc4880 .event edge, v0x56419900fe60_0;
S_0x564198f83d50 .scope module, "DUT" "image_blur" 2 21, 3 1 0, S_0x564198fb47b0;
 .timescale -9 -12;
    .port_info 0 /INPUT 1 "clk";
    .port_info 1 /INPUT 1 "reset";
    .port_info 2 /INPUT 1 "start";
    .port_info 3 /INPUT 8 "image_in";
    .port_info 4 /INPUT 2 "kernel_type";
    .port_info 5 /OUTPUT 8 "image_out";
    .port_info 6 /OUTPUT 1 "done";
P_0x564198f83ee0 .param/l "BLUR" 0 3 26, +C4<00000000000000000000000000000000>;
P_0x564198f83f20 .param/l "DONE" 0 3 25, +C4<00000000000000000000000000000100>;
P_0x564198f83f60 .param/l "EDGE" 0 3 26, +C4<00000000000000000000000000000010>;
P_0x564198f83fa0 .param/l "HEIGHT" 0 3 12, +C4<00000000000000000000010000111000>;
P_0x564198f83fe0 .param/l "IDLE" 0 3 25, +C4<00000000000000000000000000000000>;
P_0x564198f84020 .param/l "KERNEL_SIZE" 0 3 13, +C4<00000000000000000000000000000011>;
P_0x564198f84060 .param/l "LOAD_IMAGE" 0 3 25, +C4<00000000000000000000000000000001>;
P_0x564198f840a0 .param/l "PROCESS_PIXEL" 0 3 25, +C4<00000000000000000000000000000010>;
P_0x564198f840e0 .param/l "SHARPEN" 0 3 26, +C4<00000000000000000000000000000001>;
P_0x564198f84120 .param/l "WIDTH" 0 3 11, +C4<00000000000000000000001100010100>;
P_0x564198f84160 .param/l "WRITE_IMAGE" 0 3 25, +C4<00000000000000000000000000000011>;
v0x564198fc7f50_0 .var "acc_B", 31 0;
v0x564198fc80d0_0 .var "acc_G", 31 0;
v0x564198fed7d0_0 .var "acc_R", 31 0;
v0x564198fee240_0 .net "clk", 0 0, v0x564199010820_0;  1 drivers
v0x56419900fb70_0 .var/i "col", 31 0;
v0x56419900fca0_0 .var/i "color_cycle", 31 0;
v0x56419900fd80_0 .var "divider", 31 0;
v0x56419900fe60_0 .var "done", 0 0;
v0x56419900ff20_0 .net "image_in", 7 0, v0x564199010a80_0;  1 drivers
v0x564199010000_0 .var "image_out", 7 0;
v0x5641990100e0 .array "inputImage", 2553119 0, 7 0;
v0x5641990101a0 .array "kernel", 8 0, 7 0;
v0x564199010260_0 .net "kernel_type", 1 0, v0x564199010cb0_0;  1 drivers
v0x564199010340 .array "outputImage", 2553119 0, 7 0;
v0x564199010400_0 .net "reset", 0 0, v0x564199010e40_0;  1 drivers
v0x5641990104c0_0 .var/i "row", 31 0;
v0x5641990105a0_0 .net "start", 0 0, v0x564199010f10_0;  1 drivers
v0x564199010660_0 .var "state", 2 0;
E_0x564198fefc00 .event posedge, v0x564199010400_0, v0x564198fee240_0;
S_0x564198fc2d70 .scope begin, "$ivl_for_loop0" "$ivl_for_loop0" 3 110, 3 110 0, S_0x564198f83d50;
 .timescale -9 -12;
v0x564198fc8250_0 .var/i "ki", 31 0;
S_0x564198fc2f50 .scope begin, "$ivl_for_loop1" "$ivl_for_loop1" 3 111, 3 111 0, S_0x564198fc2d70;
 .timescale -9 -12;
v0x564198fc7dd0_0 .var/i "kj", 31 0;
    .scope S_0x564198f83d50;
T_0 ;
    %pushi/vec4 0, 0, 3;
    %store/vec4 v0x564199010660_0, 0, 3;
    %end;
    .thread T_0;
    .scope S_0x564198f83d50;
T_1 ;
    %wait E_0x564198fefc00;
    %load/vec4 v0x564199010400_0;
    %flag_set/vec4 8;
    %jmp/0xz  T_1.0, 8;
    %pushi/vec4 0, 0, 1;
    %assign/vec4 v0x56419900fe60_0, 0;
    %pushi/vec4 0, 0, 32;
    %assign/vec4 v0x5641990104c0_0, 0;
    %pushi/vec4 0, 0, 32;
    %assign/vec4 v0x56419900fb70_0, 0;
    %pushi/vec4 0, 0, 32;
    %assign/vec4 v0x56419900fca0_0, 0;
    %pushi/vec4 0, 0, 32;
    %assign/vec4 v0x564198fed7d0_0, 0;
    %pushi/vec4 0, 0, 32;
    %assign/vec4 v0x564198fc80d0_0, 0;
    %pushi/vec4 0, 0, 32;
    %assign/vec4 v0x564198fc7f50_0, 0;
    %load/vec4 v0x564199010260_0;
    %dup/vec4;
    %pushi/vec4 0, 0, 2;
    %cmp/u;
    %jmp/1 T_1.2, 6;
    %dup/vec4;
    %pushi/vec4 1, 0, 2;
    %cmp/u;
    %jmp/1 T_1.3, 6;
    %dup/vec4;
    %pushi/vec4 2, 0, 2;
    %cmp/u;
    %jmp/1 T_1.4, 6;
    %jmp T_1.5;
T_1.2 ;
    %pushi/vec4 16, 0, 32;
    %assign/vec4 v0x56419900fd80_0, 0;
    %pushi/vec4 1, 0, 8;
    %ix/load 3, 0, 0;
    %flag_set/imm 4, 0;
    %ix/load 4, 0, 0; Constant delay
    %assign/vec4/a/d v0x5641990101a0, 0, 4;
    %pushi/vec4 2, 0, 8;
    %ix/load 3, 1, 0;
    %flag_set/imm 4, 0;
    %ix/load 4, 0, 0; Constant delay
    %assign/vec4/a/d v0x5641990101a0, 0, 4;
    %pushi/vec4 1, 0, 8;
    %ix/load 3, 2, 0;
    %flag_set/imm 4, 0;
    %ix/load 4, 0, 0; Constant delay
    %assign/vec4/a/d v0x5641990101a0, 0, 4;
    %pushi/vec4 2, 0, 8;
    %ix/load 3, 3, 0;
    %flag_set/imm 4, 0;
    %ix/load 4, 0, 0; Constant delay
    %assign/vec4/a/d v0x5641990101a0, 0, 4;
    %pushi/vec4 4, 0, 8;
    %ix/load 3, 4, 0;
    %flag_set/imm 4, 0;
    %ix/load 4, 0, 0; Constant delay
    %assign/vec4/a/d v0x5641990101a0, 0, 4;
    %pushi/vec4 2, 0, 8;
    %ix/load 3, 5, 0;
    %flag_set/imm 4, 0;
    %ix/load 4, 0, 0; Constant delay
    %assign/vec4/a/d v0x5641990101a0, 0, 4;
    %pushi/vec4 1, 0, 8;
    %ix/load 3, 6, 0;
    %flag_set/imm 4, 0;
    %ix/load 4, 0, 0; Constant delay
    %assign/vec4/a/d v0x5641990101a0, 0, 4;
    %pushi/vec4 2, 0, 8;
    %ix/load 3, 7, 0;
    %flag_set/imm 4, 0;
    %ix/load 4, 0, 0; Constant delay
    %assign/vec4/a/d v0x5641990101a0, 0, 4;
    %pushi/vec4 1, 0, 8;
    %ix/load 3, 8, 0;
    %flag_set/imm 4, 0;
    %ix/load 4, 0, 0; Constant delay
    %assign/vec4/a/d v0x5641990101a0, 0, 4;
    %jmp T_1.5;
T_1.3 ;
    %pushi/vec4 1, 0, 32;
    %assign/vec4 v0x56419900fd80_0, 0;
    %pushi/vec4 0, 0, 8;
    %ix/load 3, 0, 0;
    %flag_set/imm 4, 0;
    %ix/load 4, 0, 0; Constant delay
    %assign/vec4/a/d v0x5641990101a0, 0, 4;
    %pushi/vec4 255, 0, 8;
    %ix/load 3, 1, 0;
    %flag_set/imm 4, 0;
    %ix/load 4, 0, 0; Constant delay
    %assign/vec4/a/d v0x5641990101a0, 0, 4;
    %pushi/vec4 0, 0, 8;
    %ix/load 3, 2, 0;
    %flag_set/imm 4, 0;
    %ix/load 4, 0, 0; Constant delay
    %assign/vec4/a/d v0x5641990101a0, 0, 4;
    %pushi/vec4 255, 0, 8;
    %ix/load 3, 3, 0;
    %flag_set/imm 4, 0;
    %ix/load 4, 0, 0; Constant delay
    %assign/vec4/a/d v0x5641990101a0, 0, 4;
    %pushi/vec4 5, 0, 8;
    %ix/load 3, 4, 0;
    %flag_set/imm 4, 0;
    %ix/load 4, 0, 0; Constant delay
    %assign/vec4/a/d v0x5641990101a0, 0, 4;
    %pushi/vec4 255, 0, 8;
    %ix/load 3, 5, 0;
    %flag_set/imm 4, 0;
    %ix/load 4, 0, 0; Constant delay
    %assign/vec4/a/d v0x5641990101a0, 0, 4;
    %pushi/vec4 0, 0, 8;
    %ix/load 3, 6, 0;
    %flag_set/imm 4, 0;
    %ix/load 4, 0, 0; Constant delay
    %assign/vec4/a/d v0x5641990101a0, 0, 4;
    %pushi/vec4 255, 0, 8;
    %ix/load 3, 7, 0;
    %flag_set/imm 4, 0;
    %ix/load 4, 0, 0; Constant delay
    %assign/vec4/a/d v0x5641990101a0, 0, 4;
    %pushi/vec4 0, 0, 8;
    %ix/load 3, 8, 0;
    %flag_set/imm 4, 0;
    %ix/load 4, 0, 0; Constant delay
    %assign/vec4/a/d v0x5641990101a0, 0, 4;
    %jmp T_1.5;
T_1.4 ;
    %pushi/vec4 1, 0, 32;
    %assign/vec4 v0x56419900fd80_0, 0;
    %pushi/vec4 255, 0, 8;
    %ix/load 3, 0, 0;
    %flag_set/imm 4, 0;
    %ix/load 4, 0, 0; Constant delay
    %assign/vec4/a/d v0x5641990101a0, 0, 4;
    %pushi/vec4 255, 0, 8;
    %ix/load 3, 1, 0;
    %flag_set/imm 4, 0;
    %ix/load 4, 0, 0; Constant delay
    %assign/vec4/a/d v0x5641990101a0, 0, 4;
    %pushi/vec4 255, 0, 8;
    %ix/load 3, 2, 0;
    %flag_set/imm 4, 0;
    %ix/load 4, 0, 0; Constant delay
    %assign/vec4/a/d v0x5641990101a0, 0, 4;
    %pushi/vec4 0, 0, 8;
    %ix/load 3, 3, 0;
    %flag_set/imm 4, 0;
    %ix/load 4, 0, 0; Constant delay
    %assign/vec4/a/d v0x5641990101a0, 0, 4;
    %pushi/vec4 0, 0, 8;
    %ix/load 3, 4, 0;
    %flag_set/imm 4, 0;
    %ix/load 4, 0, 0; Constant delay
    %assign/vec4/a/d v0x5641990101a0, 0, 4;
    %pushi/vec4 0, 0, 8;
    %ix/load 3, 5, 0;
    %flag_set/imm 4, 0;
    %ix/load 4, 0, 0; Constant delay
    %assign/vec4/a/d v0x5641990101a0, 0, 4;
    %pushi/vec4 1, 0, 8;
    %ix/load 3, 6, 0;
    %flag_set/imm 4, 0;
    %ix/load 4, 0, 0; Constant delay
    %assign/vec4/a/d v0x5641990101a0, 0, 4;
    %pushi/vec4 1, 0, 8;
    %ix/load 3, 7, 0;
    %flag_set/imm 4, 0;
    %ix/load 4, 0, 0; Constant delay
    %assign/vec4/a/d v0x5641990101a0, 0, 4;
    %pushi/vec4 1, 0, 8;
    %ix/load 3, 8, 0;
    %flag_set/imm 4, 0;
    %ix/load 4, 0, 0; Constant delay
    %assign/vec4/a/d v0x5641990101a0, 0, 4;
    %jmp T_1.5;
T_1.5 ;
    %pop/vec4 1;
    %jmp T_1.1;
T_1.0 ;
    %load/vec4 v0x564199010660_0;
    %dup/vec4;
    %pushi/vec4 0, 0, 3;
    %cmp/u;
    %jmp/1 T_1.6, 6;
    %dup/vec4;
    %pushi/vec4 1, 0, 3;
    %cmp/u;
    %jmp/1 T_1.7, 6;
    %dup/vec4;
    %pushi/vec4 2, 0, 3;
    %cmp/u;
    %jmp/1 T_1.8, 6;
    %dup/vec4;
    %pushi/vec4 3, 0, 3;
    %cmp/u;
    %jmp/1 T_1.9, 6;
    %dup/vec4;
    %pushi/vec4 4, 0, 3;
    %cmp/u;
    %jmp/1 T_1.10, 6;
    %jmp T_1.11;
T_1.6 ;
    %vpi_call 3 64 "$display", "Waiting for start signal\012" {0 0 0};
    %load/vec4 v0x5641990105a0_0;
    %flag_set/vec4 8;
    %jmp/0xz  T_1.12, 8;
    %pushi/vec4 1, 0, 3;
    %assign/vec4 v0x564199010660_0, 0;
    %vpi_call 3 67 "$display", "Loading input image" {0 0 0};
T_1.12 ;
    %jmp T_1.11;
T_1.7 ;
    %load/vec4 v0x5641990104c0_0;
    %cmpi/s 1080, 0, 32;
    %flag_get/vec4 5;
    %load/vec4 v0x56419900fb70_0;
    %cmpi/s 788, 0, 32;
    %flag_get/vec4 5;
    %and;
    %flag_set/vec4 8;
    %jmp/0xz  T_1.14, 8;
    %vpi_call 3 74 "$display", "Row: %2d, Col: %2d, Color cycle: %2d", v0x5641990104c0_0, v0x56419900fb70_0, v0x56419900fca0_0 {0 0 0};
    %load/vec4 v0x56419900fca0_0;
    %dup/vec4;
    %pushi/vec4 0, 0, 32;
    %cmp/u;
    %jmp/1 T_1.16, 6;
    %dup/vec4;
    %pushi/vec4 1, 0, 32;
    %cmp/u;
    %jmp/1 T_1.17, 6;
    %dup/vec4;
    %pushi/vec4 2, 0, 32;
    %cmp/u;
    %jmp/1 T_1.18, 6;
    %jmp T_1.19;
T_1.16 ;
    %load/vec4 v0x56419900ff20_0;
    %load/vec4 v0x5641990104c0_0;
    %pad/s 98;
    %muli 788, 0, 98;
    %load/vec4 v0x56419900fb70_0;
    %pad/s 98;
    %add;
    %muli 3, 0, 98;
    %addi 0, 0, 98;
    %ix/vec4/s 3;
    %ix/load 4, 0, 0; Constant delay
    %assign/vec4/a/d v0x5641990100e0, 0, 4;
    %jmp T_1.19;
T_1.17 ;
    %load/vec4 v0x56419900ff20_0;
    %load/vec4 v0x5641990104c0_0;
    %pad/s 98;
    %muli 788, 0, 98;
    %load/vec4 v0x56419900fb70_0;
    %pad/s 98;
    %add;
    %muli 3, 0, 98;
    %addi 1, 0, 98;
    %ix/vec4/s 3;
    %ix/load 4, 0, 0; Constant delay
    %assign/vec4/a/d v0x5641990100e0, 0, 4;
    %jmp T_1.19;
T_1.18 ;
    %load/vec4 v0x56419900ff20_0;
    %load/vec4 v0x5641990104c0_0;
    %pad/s 98;
    %muli 788, 0, 98;
    %load/vec4 v0x56419900fb70_0;
    %pad/s 98;
    %add;
    %muli 3, 0, 98;
    %addi 2, 0, 98;
    %ix/vec4/s 3;
    %ix/load 4, 0, 0; Constant delay
    %assign/vec4/a/d v0x5641990100e0, 0, 4;
    %load/vec4 v0x56419900fb70_0;
    %addi 1, 0, 32;
    %assign/vec4 v0x56419900fb70_0, 0;
    %load/vec4 v0x56419900fb70_0;
    %cmpi/e 787, 0, 32;
    %jmp/0xz  T_1.20, 4;
    %pushi/vec4 0, 0, 32;
    %assign/vec4 v0x56419900fb70_0, 0;
    %load/vec4 v0x5641990104c0_0;
    %addi 1, 0, 32;
    %assign/vec4 v0x5641990104c0_0, 0;
T_1.20 ;
    %jmp T_1.19;
T_1.19 ;
    %pop/vec4 1;
    %load/vec4 v0x56419900fca0_0;
    %addi 1, 0, 32;
    %pushi/vec4 3, 0, 32;
    %mod/s;
    %assign/vec4 v0x56419900fca0_0, 0;
    %jmp T_1.15;
T_1.14 ;
    %vpi_call 3 93 "$display", "Finished loading input image\012" {0 0 0};
    %pushi/vec4 0, 0, 32;
    %assign/vec4 v0x5641990104c0_0, 0;
    %pushi/vec4 0, 0, 32;
    %assign/vec4 v0x56419900fb70_0, 0;
    %pushi/vec4 0, 0, 32;
    %assign/vec4 v0x56419900fca0_0, 0;
    %pushi/vec4 2, 0, 3;
    %assign/vec4 v0x564199010660_0, 0;
    %vpi_call 3 98 "$display", "Processing image" {0 0 0};
T_1.15 ;
    %jmp T_1.11;
T_1.8 ;
    %load/vec4 v0x5641990104c0_0;
    %cmpi/s 1080, 0, 32;
    %flag_get/vec4 5;
    %load/vec4 v0x56419900fb70_0;
    %cmpi/s 788, 0, 32;
    %flag_get/vec4 5;
    %and;
    %flag_set/vec4 8;
    %jmp/0xz  T_1.22, 8;
    %vpi_call 3 105 "$display", "Row: %2d, Col: %2d", v0x5641990104c0_0, v0x56419900fb70_0 {0 0 0};
    %pushi/vec4 0, 0, 32;
    %store/vec4 v0x564198fed7d0_0, 0, 32;
    %pushi/vec4 0, 0, 32;
    %store/vec4 v0x564198fc80d0_0, 0, 32;
    %pushi/vec4 0, 0, 32;
    %store/vec4 v0x564198fc7f50_0, 0, 32;
    %fork t_1, S_0x564198fc2d70;
    %jmp t_0;
    .scope S_0x564198fc2d70;
t_1 ;
    %pushi/vec4 0, 0, 32;
    %store/vec4 v0x564198fc8250_0, 0, 32;
T_1.24 ;
    %load/vec4 v0x564198fc8250_0;
    %cmpi/s 3, 0, 32;
    %jmp/0xz T_1.25, 5;
    %fork t_3, S_0x564198fc2f50;
    %jmp t_2;
    .scope S_0x564198fc2f50;
t_3 ;
    %pushi/vec4 0, 0, 32;
    %store/vec4 v0x564198fc7dd0_0, 0, 32;
T_1.26 ;
    %load/vec4 v0x564198fc7dd0_0;
    %cmpi/s 3, 0, 32;
    %jmp/0xz T_1.27, 5;
    %pushi/vec4 0, 0, 32;
    %load/vec4 v0x5641990104c0_0;
    %load/vec4 v0x564198fc8250_0;
    %add;
    %subi 1, 0, 32;
    %cmp/s;
    %flag_get/vec4 4;
    %flag_get/vec4 5;
    %or;
    %load/vec4 v0x5641990104c0_0;
    %load/vec4 v0x564198fc8250_0;
    %add;
    %subi 1, 0, 32;
    %cmpi/s 1079, 0, 32;
    %flag_get/vec4 4;
    %flag_get/vec4 5;
    %or;
    %and;
    %pushi/vec4 0, 0, 32;
    %load/vec4 v0x56419900fb70_0;
    %load/vec4 v0x564198fc7dd0_0;
    %add;
    %subi 1, 0, 32;
    %cmp/s;
    %flag_get/vec4 4;
    %flag_get/vec4 5;
    %or;
    %and;
    %load/vec4 v0x56419900fb70_0;
    %load/vec4 v0x564198fc7dd0_0;
    %add;
    %subi 1, 0, 32;
    %cmpi/s 787, 0, 32;
    %flag_get/vec4 4;
    %flag_get/vec4 5;
    %or;
    %and;
    %flag_set/vec4 8;
    %jmp/0xz  T_1.28, 8;
    %load/vec4 v0x564198fed7d0_0;
    %load/vec4 v0x564198fc8250_0;
    %pad/s 65;
    %muli 3, 0, 65;
    %load/vec4 v0x564198fc7dd0_0;
    %pad/s 65;
    %add;
    %ix/vec4/s 4;
    %load/vec4a v0x5641990101a0, 4;
    %pad/u 32;
    %load/vec4 v0x5641990104c0_0;
    %pad/s 99;
    %load/vec4 v0x564198fc8250_0;
    %pad/s 99;
    %add;
    %subi 1, 0, 99;
    %muli 788, 0, 99;
    %load/vec4 v0x56419900fb70_0;
    %pad/s 99;
    %load/vec4 v0x564198fc7dd0_0;
    %pad/s 99;
    %add;
    %subi 1, 0, 99;
    %add;
    %muli 3, 0, 99;
    %ix/vec4/s 4;
    %load/vec4a v0x5641990100e0, 4;
    %pad/u 32;
    %mul;
    %add;
    %store/vec4 v0x564198fed7d0_0, 0, 32;
    %load/vec4 v0x564198fc80d0_0;
    %load/vec4 v0x564198fc8250_0;
    %pad/s 65;
    %muli 3, 0, 65;
    %load/vec4 v0x564198fc7dd0_0;
    %pad/s 65;
    %add;
    %ix/vec4/s 4;
    %load/vec4a v0x5641990101a0, 4;
    %pad/u 32;
    %load/vec4 v0x5641990104c0_0;
    %pad/s 100;
    %load/vec4 v0x564198fc8250_0;
    %pad/s 100;
    %add;
    %subi 1, 0, 100;
    %muli 788, 0, 100;
    %load/vec4 v0x56419900fb70_0;
    %pad/s 100;
    %load/vec4 v0x564198fc7dd0_0;
    %pad/s 100;
    %add;
    %subi 1, 0, 100;
    %add;
    %muli 3, 0, 100;
    %addi 1, 0, 100;
    %ix/vec4/s 4;
    %load/vec4a v0x5641990100e0, 4;
    %pad/u 32;
    %mul;
    %add;
    %store/vec4 v0x564198fc80d0_0, 0, 32;
    %load/vec4 v0x564198fc7f50_0;
    %load/vec4 v0x564198fc8250_0;
    %pad/s 65;
    %muli 3, 0, 65;
    %load/vec4 v0x564198fc7dd0_0;
    %pad/s 65;
    %add;
    %ix/vec4/s 4;
    %load/vec4a v0x5641990101a0, 4;
    %pad/u 32;
    %load/vec4 v0x5641990104c0_0;
    %pad/s 100;
    %load/vec4 v0x564198fc8250_0;
    %pad/s 100;
    %add;
    %subi 1, 0, 100;
    %muli 788, 0, 100;
    %load/vec4 v0x56419900fb70_0;
    %pad/s 100;
    %load/vec4 v0x564198fc7dd0_0;
    %pad/s 100;
    %add;
    %subi 1, 0, 100;
    %add;
    %muli 3, 0, 100;
    %addi 2, 0, 100;
    %ix/vec4/s 4;
    %load/vec4a v0x5641990100e0, 4;
    %pad/u 32;
    %mul;
    %add;
    %store/vec4 v0x564198fc7f50_0, 0, 32;
T_1.28 ;
    ; show_stmt_assign_vector: Get l-value for compressed += operand
    %load/vec4 v0x564198fc7dd0_0;
    %pushi/vec4 1, 0, 32;
    %add;
    %store/vec4 v0x564198fc7dd0_0, 0, 32;
    %jmp T_1.26;
T_1.27 ;
    %end;
    .scope S_0x564198fc2d70;
t_2 %join;
    ; show_stmt_assign_vector: Get l-value for compressed += operand
    %load/vec4 v0x564198fc8250_0;
    %pushi/vec4 1, 0, 32;
    %add;
    %store/vec4 v0x564198fc8250_0, 0, 32;
    %jmp T_1.24;
T_1.25 ;
    %end;
    .scope S_0x564198f83d50;
t_0 %join;
    %load/vec4 v0x564198fed7d0_0;
    %load/vec4 v0x56419900fd80_0;
    %div;
    %pad/u 8;
    %load/vec4 v0x5641990104c0_0;
    %pad/s 97;
    %muli 788, 0, 97;
    %load/vec4 v0x56419900fb70_0;
    %pad/s 97;
    %add;
    %muli 3, 0, 97;
    %ix/vec4/s 4;
    %store/vec4a v0x564199010340, 4, 0;
    %load/vec4 v0x564198fc80d0_0;
    %load/vec4 v0x56419900fd80_0;
    %div;
    %pad/u 8;
    %load/vec4 v0x5641990104c0_0;
    %pad/s 98;
    %muli 788, 0, 98;
    %load/vec4 v0x56419900fb70_0;
    %pad/s 98;
    %add;
    %muli 3, 0, 98;
    %addi 1, 0, 98;
    %ix/vec4/s 4;
    %store/vec4a v0x564199010340, 4, 0;
    %load/vec4 v0x564198fc7f50_0;
    %load/vec4 v0x56419900fd80_0;
    %div;
    %pad/u 8;
    %load/vec4 v0x5641990104c0_0;
    %pad/s 98;
    %muli 788, 0, 98;
    %load/vec4 v0x56419900fb70_0;
    %pad/s 98;
    %add;
    %muli 3, 0, 98;
    %addi 2, 0, 98;
    %ix/vec4/s 4;
    %store/vec4a v0x564199010340, 4, 0;
    %load/vec4 v0x56419900fb70_0;
    %addi 1, 0, 32;
    %assign/vec4 v0x56419900fb70_0, 0;
    %load/vec4 v0x56419900fb70_0;
    %cmpi/e 787, 0, 32;
    %jmp/0xz  T_1.30, 4;
    %pushi/vec4 0, 0, 32;
    %assign/vec4 v0x56419900fb70_0, 0;
    %load/vec4 v0x5641990104c0_0;
    %addi 1, 0, 32;
    %assign/vec4 v0x5641990104c0_0, 0;
T_1.30 ;
    %jmp T_1.23;
T_1.22 ;
    %vpi_call 3 136 "$display", "Finished processing image\012" {0 0 0};
    %pushi/vec4 3, 0, 3;
    %assign/vec4 v0x564199010660_0, 0;
    %pushi/vec4 1, 0, 1;
    %assign/vec4 v0x56419900fe60_0, 0;
    %pushi/vec4 0, 0, 32;
    %assign/vec4 v0x5641990104c0_0, 0;
    %pushi/vec4 0, 0, 32;
    %assign/vec4 v0x56419900fb70_0, 0;
    %vpi_call 3 141 "$display", "Writing output image" {0 0 0};
T_1.23 ;
    %jmp T_1.11;
T_1.9 ;
    %load/vec4 v0x5641990104c0_0;
    %cmpi/s 1080, 0, 32;
    %flag_get/vec4 5;
    %load/vec4 v0x56419900fb70_0;
    %cmpi/s 788, 0, 32;
    %flag_get/vec4 5;
    %and;
    %flag_set/vec4 8;
    %jmp/0xz  T_1.32, 8;
    %vpi_call 3 147 "$display", "Row: %2d, Col: %2d, Color cycle: %2d", v0x5641990104c0_0, v0x56419900fb70_0, v0x56419900fca0_0 {0 0 0};
    %load/vec4 v0x56419900fca0_0;
    %dup/vec4;
    %pushi/vec4 0, 0, 32;
    %cmp/u;
    %jmp/1 T_1.34, 6;
    %dup/vec4;
    %pushi/vec4 1, 0, 32;
    %cmp/u;
    %jmp/1 T_1.35, 6;
    %dup/vec4;
    %pushi/vec4 2, 0, 32;
    %cmp/u;
    %jmp/1 T_1.36, 6;
    %jmp T_1.37;
T_1.34 ;
    %load/vec4 v0x5641990104c0_0;
    %pad/s 98;
    %muli 788, 0, 98;
    %load/vec4 v0x56419900fb70_0;
    %pad/s 98;
    %add;
    %muli 3, 0, 98;
    %addi 0, 0, 98;
    %ix/vec4/s 4;
    %load/vec4a v0x564199010340, 4;
    %store/vec4 v0x564199010000_0, 0, 8;
    %jmp T_1.37;
T_1.35 ;
    %load/vec4 v0x5641990104c0_0;
    %pad/s 98;
    %muli 788, 0, 98;
    %load/vec4 v0x56419900fb70_0;
    %pad/s 98;
    %add;
    %muli 3, 0, 98;
    %addi 1, 0, 98;
    %ix/vec4/s 4;
    %load/vec4a v0x564199010340, 4;
    %store/vec4 v0x564199010000_0, 0, 8;
    %jmp T_1.37;
T_1.36 ;
    %load/vec4 v0x5641990104c0_0;
    %pad/s 98;
    %muli 788, 0, 98;
    %load/vec4 v0x56419900fb70_0;
    %pad/s 98;
    %add;
    %muli 3, 0, 98;
    %addi 2, 0, 98;
    %ix/vec4/s 4;
    %load/vec4a v0x564199010340, 4;
    %store/vec4 v0x564199010000_0, 0, 8;
    %load/vec4 v0x56419900fb70_0;
    %addi 1, 0, 32;
    %assign/vec4 v0x56419900fb70_0, 0;
    %load/vec4 v0x56419900fb70_0;
    %cmpi/e 787, 0, 32;
    %jmp/0xz  T_1.38, 4;
    %pushi/vec4 0, 0, 32;
    %assign/vec4 v0x56419900fb70_0, 0;
    %load/vec4 v0x5641990104c0_0;
    %addi 1, 0, 32;
    %assign/vec4 v0x5641990104c0_0, 0;
T_1.38 ;
    %jmp T_1.37;
T_1.37 ;
    %pop/vec4 1;
    %load/vec4 v0x56419900fca0_0;
    %addi 1, 0, 32;
    %pushi/vec4 3, 0, 32;
    %mod/s;
    %assign/vec4 v0x56419900fca0_0, 0;
    %jmp T_1.33;
T_1.32 ;
    %vpi_call 3 162 "$display", "Finished writing output image\012" {0 0 0};
    %pushi/vec4 4, 0, 3;
    %assign/vec4 v0x564199010660_0, 0;
T_1.33 ;
    %jmp T_1.11;
T_1.10 ;
    %jmp T_1.11;
T_1.11 ;
    %pop/vec4 1;
T_1.1 ;
    %jmp T_1;
    .thread T_1;
    .scope S_0x564198fb47b0;
T_2 ;
    %pushi/vec4 0, 0, 1;
    %store/vec4 v0x564199010820_0, 0, 1;
    %pushi/vec4 1, 0, 1;
    %store/vec4 v0x564199010e40_0, 0, 1;
    %pushi/vec4 0, 0, 1;
    %store/vec4 v0x564199010f10_0, 0, 1;
    %pushi/vec4 0, 0, 8;
    %store/vec4 v0x564199010a80_0, 0, 8;
    %pushi/vec4 1, 0, 2;
    %store/vec4 v0x564199010cb0_0, 0, 2;
    %end;
    .thread T_2;
    .scope S_0x564198fb47b0;
T_3 ;
    %delay 10000, 0;
    %load/vec4 v0x564199010820_0;
    %inv;
    %store/vec4 v0x564199010820_0, 0, 1;
    %jmp T_3;
    .thread T_3;
    .scope S_0x564198fb47b0;
T_4 ;
    %vpi_call 2 27 "$dumpfile", "image_blur.vcd" {0 0 0};
    %vpi_call 2 28 "$dumpvars", 32'sb00000000000000000000000000000000, S_0x564198fb47b0 {0 0 0};
    %vpi_call 2 30 "$readmemh", "input.hex", v0x564199010b50 {0 0 0};
    %delay 20000, 0;
    %pushi/vec4 0, 0, 1;
    %store/vec4 v0x564199010e40_0, 0, 1;
    %pushi/vec4 1, 0, 1;
    %store/vec4 v0x564199010f10_0, 0, 1;
    %pushi/vec4 0, 0, 32;
    %store/vec4 v0x5641990109b0_0, 0, 32;
T_4.0 ;
    %load/vec4 v0x5641990109b0_0;
    %cmpi/s 2553120, 0, 32;
    %jmp/0xz T_4.1, 5;
    %wait E_0x564198fc76d0;
    %ix/getv/s 4, v0x5641990109b0_0;
    %load/vec4a v0x564199010b50, 4;
    %assign/vec4 v0x564199010a80_0, 0;
    %load/vec4 v0x5641990109b0_0;
    %addi 1, 0, 32;
    %store/vec4 v0x5641990109b0_0, 0, 32;
    %jmp T_4.0;
T_4.1 ;
T_4.2 ;
    %load/vec4 v0x5641990108e0_0;
    %cmpi/ne 1, 0, 1;
    %jmp/0xz T_4.3, 6;
    %wait E_0x564198fc4880;
    %jmp T_4.2;
T_4.3 ;
    %wait E_0x564198fc76d0;
    %vpi_func 2 48 "$fopen" 32, "output.hex", "w" {0 0 0};
    %store/vec4 v0x564199010d80_0, 0, 32;
    %pushi/vec4 0, 0, 32;
    %store/vec4 v0x5641990109b0_0, 0, 32;
T_4.4 ;
    %load/vec4 v0x5641990109b0_0;
    %cmpi/s 2553120, 0, 32;
    %jmp/0xz T_4.5, 5;
    %wait E_0x564198fc76d0;
    %vpi_call 2 51 "$fwrite", v0x564199010d80_0, "%02X\012", v0x564199010bf0_0 {0 0 0};
    %load/vec4 v0x5641990109b0_0;
    %addi 1, 0, 32;
    %store/vec4 v0x5641990109b0_0, 0, 32;
    %jmp T_4.4;
T_4.5 ;
    %vpi_call 2 53 "$fclose", v0x564199010d80_0 {0 0 0};
    %vpi_call 2 55 "$finish" {0 0 0};
    %end;
    .thread T_4;
# The file index is used to find the file name in the following table.
:file_names 4;
    "N/A";
    "<interactive>";
    "image_blur_TB.v";
    "image_blur.v";
